<?xml version="1.0" encoding="UTF-8"?>
<!-- Generated by org.testng.reporters.JUnitReportReporter -->
<testsuite hostname="DESKTOP-OHLIBAL" failures="0" tests="2" name="AuthTest" time="4.738" errors="0" timestamp="03 Jul 2021 14:27:47 GMT" skipped="0">
  <testcase classname="AuthTest" name="clickSigninButton" time="1.973"/>
  <testcase classname="AuthTest" name="checkIfCanLogin" time="2.765"/>
</testsuite> <!-- AuthTest -->
