<?xml version="1.0" encoding="UTF-8"?>
<!-- Generated by org.testng.reporters.JUnitReportReporter -->
<testsuite hostname="DESKTOP-OHLIBAL" failures="0" tests="2" name="AuthTest" time="6.411" errors="0" timestamp="01 Jul 2021 06:13:01 GMT" skipped="0">
  <testcase classname="AuthTest" name="clickSigninButton" time="2.170"/>
  <testcase classname="AuthTest" name="checkIfCanLogin" time="4.241"/>
</testsuite> <!-- AuthTest -->
